<?xml version="1.0" encoding="utf-8"?><testsuites name="pytest tests"><testsuite name="pytest" errors="0" failures="0" skipped="0" tests="9" time="45.506" timestamp="2026-02-23T17:56:53.055190+00:00" hostname="agent-env-4f641d88-489d-40fb-956d-3cac0672c4c2"><testcase classname="backend.tests.test_chat_meeting.TestChatMessaging" name="test_send_message_via_rest_api" time="5.743" /><testcase classname="backend.tests.test_chat_meeting.TestChatMessaging" name="test_message_persistence_sender_can_retrieve" time="6.619" /><testcase classname="backend.tests.test_chat_meeting.TestChatMessaging" name="test_message_persistence_receiver_can_retrieve" time="6.485" /><testcase classname="backend.tests.test_chat_meeting.TestChatMessaging" name="test_messages_reload_after_simulated_refresh" time="8.246" /><testcase classname="backend.tests.test_chat_meeting.TestChatMessaging" name="test_cannot_message_non_connection" time="6.421" /><testcase classname="backend.tests.test_chat_meeting.TestChatMessaging" name="test_get_messages_non_connection_returns_403" time="6.440" /><testcase classname="backend.tests.test_chat_meeting.TestMeetingAPI" name="test_create_meeting" time="1.821" /><testcase classname="backend.tests.test_chat_meeting.TestMeetingAPI" name="test_list_meetings" time="2.733" /><testcase classname="backend.tests.test_chat_meeting.TestConnectionsList" name="test_connections_list_returns_contacts_for_chat" time="0.864" /></testsuite></testsuites>