<?xml version="1.0" encoding="utf-8"?><testsuites name="pytest tests"><testsuite name="pytest" errors="0" failures="2" skipped="0" tests="22" time="24.674" timestamp="2026-02-22T19:58:35.023208+00:00" hostname="agent-env-0c025713-a37b-48ea-b973-3d43e80d0d98"><testcase classname="backend.tests.test_beebark_api.TestHealthCheck" name="test_health_endpoint" time="1.031" /><testcase classname="backend.tests.test_beebark_api.TestAuthentication" name="test_login_existing_user_1" time="0.557" /><testcase classname="backend.tests.test_beebark_api.TestAuthentication" name="test_login_existing_user_2" time="0.567" /><testcase classname="backend.tests.test_beebark_api.TestAuthentication" name="test_login_invalid_credentials" time="0.707" /><testcase classname="backend.tests.test_beebark_api.TestAuthentication" name="test_register_username_auto_generation" time="0.552" /><testcase classname="backend.tests.test_beebark_api.TestConnectionSearch" name="test_search_by_name" time="1.040" /><testcase classname="backend.tests.test_beebark_api.TestConnectionSearch" name="test_search_by_email" time="1.247" /><testcase classname="backend.tests.test_beebark_api.TestConnectionSearch" name="test_search_by_username" time="1.047" /><testcase classname="backend.tests.test_beebark_api.TestConnectionSearch" name="test_search_minimum_characters" time="1.650" /><testcase classname="backend.tests.test_beebark_api.TestConnectionSearch" name="test_search_results_include_status" time="1.044" /><testcase classname="backend.tests.test_beebark_api.TestConnectionRequests" name="test_get_connection_suggestions" time="1.676" /><testcase classname="backend.tests.test_beebark_api.TestConnectionRequests" name="test_get_connections_list" time="1.584" /><testcase classname="backend.tests.test_beebark_api.TestConnectionRequests" name="test_get_pending_requests" time="1.628" /><testcase classname="backend.tests.test_beebark_api.TestConnectionRequests" name="test_cannot_send_request_to_self" time="1.637" /><testcase classname="backend.tests.test_beebark_api.TestFeed" name="test_get_feed" time="1.045" /><testcase classname="backend.tests.test_beebark_api.TestFeed" name="test_create_post" time="1.045" /><testcase classname="backend.tests.test_beebark_api.TestJobs" name="test_list_jobs" time="1.021" /><testcase classname="backend.tests.test_beebark_api.TestJobs" name="test_get_recommended_jobs" time="1.069"><failure message="assert 520 == 200&#10; +  where 520 = &lt;Response [520]&gt;.status_code">backend/tests/test_beebark_api.py:312: in test_get_recommended_jobs
    assert response.status_code == 200
E   assert 520 == 200
E    +  where 520 = &lt;Response [520]&gt;.status_code</failure></testcase><testcase classname="backend.tests.test_beebark_api.TestJobs" name="test_get_my_applications" time="1.248" /><testcase classname="backend.tests.test_beebark_api.TestMeetings" name="test_list_meetings" time="1.081" /><testcase classname="backend.tests.test_beebark_api.TestMeetings" name="test_create_instant_meeting" time="1.018" /><testcase classname="backend.tests.test_beebark_api.TestChat" name="test_get_conversations" time="1.028"><failure message="assert 403 == 200&#10; +  where 403 = &lt;Response [403]&gt;.status_code">backend/tests/test_beebark_api.py:395: in test_get_conversations
    assert response.status_code == 200
E   assert 403 == 200
E    +  where 403 = &lt;Response [403]&gt;.status_code</failure></testcase></testsuite></testsuites>