<?xml version="1.0" encoding="utf-8"?><testsuites name="pytest tests"><testsuite name="pytest" errors="0" failures="0" skipped="0" tests="22" time="23.543" timestamp="2026-02-22T20:00:16.182869+00:00" hostname="agent-env-0c025713-a37b-48ea-b973-3d43e80d0d98"><testcase classname="backend.tests.test_beebark_api.TestHealthCheck" name="test_health_endpoint" time="0.910" /><testcase classname="backend.tests.test_beebark_api.TestAuthentication" name="test_login_existing_user_1" time="0.776" /><testcase classname="backend.tests.test_beebark_api.TestAuthentication" name="test_login_existing_user_2" time="0.551" /><testcase classname="backend.tests.test_beebark_api.TestAuthentication" name="test_login_invalid_credentials" time="0.513" /><testcase classname="backend.tests.test_beebark_api.TestAuthentication" name="test_register_username_auto_generation" time="0.560" /><testcase classname="backend.tests.test_beebark_api.TestConnectionSearch" name="test_search_by_name" time="1.041" /><testcase classname="backend.tests.test_beebark_api.TestConnectionSearch" name="test_search_by_email" time="1.040" /><testcase classname="backend.tests.test_beebark_api.TestConnectionSearch" name="test_search_by_username" time="1.076" /><testcase classname="backend.tests.test_beebark_api.TestConnectionSearch" name="test_search_minimum_characters" time="1.036" /><testcase classname="backend.tests.test_beebark_api.TestConnectionSearch" name="test_search_results_include_status" time="1.010" /><testcase classname="backend.tests.test_beebark_api.TestConnectionRequests" name="test_get_connection_suggestions" time="1.821" /><testcase classname="backend.tests.test_beebark_api.TestConnectionRequests" name="test_get_connections_list" time="1.611" /><testcase classname="backend.tests.test_beebark_api.TestConnectionRequests" name="test_get_pending_requests" time="1.613" /><testcase classname="backend.tests.test_beebark_api.TestConnectionRequests" name="test_cannot_send_request_to_self" time="1.600" /><testcase classname="backend.tests.test_beebark_api.TestFeed" name="test_get_feed" time="1.011" /><testcase classname="backend.tests.test_beebark_api.TestFeed" name="test_create_post" time="1.031" /><testcase classname="backend.tests.test_beebark_api.TestJobs" name="test_list_jobs" time="1.038" /><testcase classname="backend.tests.test_beebark_api.TestJobs" name="test_get_recommended_jobs" time="1.052" /><testcase classname="backend.tests.test_beebark_api.TestJobs" name="test_get_my_applications" time="1.023" /><testcase classname="backend.tests.test_beebark_api.TestMeetings" name="test_list_meetings" time="1.041" /><testcase classname="backend.tests.test_beebark_api.TestMeetings" name="test_create_instant_meeting" time="1.063" /><testcase classname="backend.tests.test_beebark_api.TestChat" name="test_get_connections_for_chat" time="1.043" /></testsuite></testsuites>